<?xml version="1.0" encoding="UTF-8" standalone="no"?>
<!DOCTYPE log SYSTEM "logger.dtd">
<log>
<record>
  <date>2013-06-21T11:06:37</date>
  <millis>1371805597758</millis>
  <sequence>135</sequence>
  <logger>pythonProvenance.PythonProvenance</logger>
  <level>INFO</level>
  <class>pythonProvenance.graphs.ProvenanceGraph</class>
  <method>matchRule</method>
  <thread>10</thread>
  <message>match is complete</message>
</record>
<record>
  <date>2013-06-21T11:06:37</date>
  <millis>1371805597758</millis>
  <sequence>136</sequence>
  <logger>pythonProvenance.PythonProvenance</logger>
  <level>INFO</level>
  <class>pythonProvenance.graphs.ProvenanceGraph</class>
  <method>matchRule</method>
  <thread>10</thread>
  <message>match is valid</message>
</record>
<record>
  <date>2013-06-21T11:06:37</date>
  <millis>1371805597759</millis>
  <sequence>137</sequence>
  <logger>pythonProvenance.PythonProvenance</logger>
  <level>INFO</level>
  <class>pythonProvenance.graphs.ProvenanceGraph</class>
  <method>matchRule</method>
  <thread>10</thread>
  <message>Rule  M2a.MergingView(withProcess-toProcess) : match has no more completionfalse</message>
</record>
<record>
  <date>2013-06-21T11:06:37</date>
  <millis>1371805597760</millis>
  <sequence>138</sequence>
  <logger>pythonProvenance.PythonProvenance</logger>
  <level>INFO</level>
  <class>pythonProvenance.graphs.ProvenanceGraph</class>
  <method>matchRule</method>
  <thread>10</thread>
  <message>Apply M2b.MergingView(withProcess-toSourceProcess) so long as possible</message>
</record>
<record>
  <date>2013-06-21T11:06:37</date>
  <millis>1371805597760</millis>
  <sequence>139</sequence>
  <logger>pythonProvenance.PythonProvenance</logger>
  <level>INFO</level>
  <class>pythonProvenance.graphs.ProvenanceGraph</class>
  <method>matchRule</method>
  <thread>10</thread>
  <message>Rule M2b.MergingView(withProcess-toSourceProcess)    &gt;&gt; create match</message>
</record>
<record>
  <date>2013-06-21T11:06:37</date>
  <millis>1371805597761</millis>
  <sequence>140</sequence>
  <logger>pythonProvenance.PythonProvenance</logger>
  <level>INFO</level>
  <class>pythonProvenance.graphs.ProvenanceGraph</class>
  <method>matchRule</method>
  <thread>10</thread>
  <message>Rule  M2b.MergingView(withProcess-toSourceProcess) : match has no more completionfalse</message>
</record>
<record>
  <date>2013-06-21T11:06:37</date>
  <millis>1371805597761</millis>
  <sequence>141</sequence>
  <logger>pythonProvenance.PythonProvenance</logger>
  <level>INFO</level>
  <class>pythonProvenance.graphs.ProvenanceGraph</class>
  <method>matchRule</method>
  <thread>10</thread>
  <message>Apply M3a.MergingView(withSourceProcesstoProcess) so long as possible</message>
</record>
<record>
  <date>2013-06-21T11:06:37</date>
  <millis>1371805597762</millis>
  <sequence>142</sequence>
  <logger>pythonProvenance.PythonProvenance</logger>
  <level>INFO</level>
  <class>pythonProvenance.graphs.ProvenanceGraph</class>
  <method>matchRule</method>
  <thread>10</thread>
  <message>Rule M3a.MergingView(withSourceProcesstoProcess)    &gt;&gt; create match</message>
</record>
<record>
  <date>2013-06-21T11:06:37</date>
  <millis>1371805597764</millis>
  <sequence>143</sequence>
  <logger>pythonProvenance.PythonProvenance</logger>
  <level>INFO</level>
  <class>pythonProvenance.graphs.ProvenanceGraph</class>
  <method>matchRule</method>
  <thread>10</thread>
  <message>Rule  M3a.MergingView(withSourceProcesstoProcess) : match has no more completionfalse</message>
</record>
<record>
  <date>2013-06-21T11:06:37</date>
  <millis>1371805597764</millis>
  <sequence>144</sequence>
  <logger>pythonProvenance.PythonProvenance</logger>
  <level>INFO</level>
  <class>pythonProvenance.graphs.ProvenanceGraph</class>
  <method>matchRule</method>
  <thread>10</thread>
  <message>Apply M3b.MergingView(withSourceProcesstoSourceProcess) so long as possible</message>
</record>
<record>
  <date>2013-06-21T11:06:37</date>
  <millis>1371805597764</millis>
  <sequence>145</sequence>
  <logger>pythonProvenance.PythonProvenance</logger>
  <level>INFO</level>
  <class>pythonProvenance.graphs.ProvenanceGraph</class>
  <method>matchRule</method>
  <thread>10</thread>
  <message>Rule M3b.MergingView(withSourceProcesstoSourceProcess)    &gt;&gt; create match</message>
</record>
<record>
  <date>2013-06-21T11:06:37</date>
  <millis>1371805597774</millis>
  <sequence>146</sequence>
  <logger>pythonProvenance.PythonProvenance</logger>
  <level>INFO</level>
  <class>pythonProvenance.graphs.ProvenanceGraph</class>
  <method>matchRule</method>
  <thread>10</thread>
  <message>Rule  M3b.MergingView(withSourceProcesstoSourceProcess) : match has no more completionfalse</message>
</record>
<record>
  <date>2013-06-21T11:06:37</date>
  <millis>1371805597774</millis>
  <sequence>147</sequence>
  <logger>pythonProvenance.PythonProvenance</logger>
  <level>INFO</level>
  <class>pythonProvenance.graphs.ProvenanceGraph</class>
  <method>createMergingRule5</method>
  <thread>10</thread>
  <message>M5: Node id -&gt; SP1</message>
</record>
<record>
  <date>2013-06-21T11:06:37</date>
  <millis>1371805597775</millis>
  <sequence>148</sequence>
  <logger>pythonProvenance.PythonProvenance</logger>
  <level>INFO</level>
  <class>pythonProvenance.graphs.ProvenanceGraph</class>
  <method>createMergingRule5</method>
  <thread>10</thread>
  <message>        Deleted View -&gt; V1</message>
</record>
<record>
  <date>2013-06-21T11:06:37</date>
  <millis>1371805597786</millis>
  <sequence>149</sequence>
  <logger>pythonProvenance.PythonProvenance</logger>
  <level>INFO</level>
  <class>pythonProvenance.graphs.ProvenanceGraph</class>
  <method>createMergingRule5</method>
  <thread>10</thread>
  <message>M5: Node id -&gt; P4</message>
</record>
<record>
  <date>2013-06-21T11:06:37</date>
  <millis>1371805597788</millis>
  <sequence>150</sequence>
  <logger>pythonProvenance.PythonProvenance</logger>
  <level>INFO</level>
  <class>pythonProvenance.graphs.ProvenanceGraph</class>
  <method>createMergingRule5</method>
  <thread>10</thread>
  <message>        Deleted View -&gt; V6</message>
</record>
<record>
  <date>2013-06-21T11:06:37</date>
  <millis>1371805597914</millis>
  <sequence>151</sequence>
  <logger>pythonProvenance.PythonProvenance</logger>
  <level>INFO</level>
  <class>pythonProvenance.graphs.ProvenanceGraph</class>
  <method>graphGrammarTransform</method>
  <thread>10</thread>
  <message>After applying Rules,  graphGrammar  saved in  Provenance_Graph_2_for.py_transformed_withMerging.ggx</message>
</record>
<record>
  <date>2013-06-21T11:06:37</date>
  <millis>1371805597914</millis>
  <sequence>152</sequence>
  <logger>pythonProvenance.PythonProvenance</logger>
  <level>INFO</level>
  <class>pythonProvenance.graphs.ProvenanceGraph</class>
  <method>writeDottyFile</method>
  <thread>10</thread>
  <message>*** Nodes of the Graph ***</message>
</record>
<record>
  <date>2013-06-21T11:06:38</date>
  <millis>1371805598139</millis>
  <sequence>153</sequence>
  <logger>pythonProvenance.PythonProvenance</logger>
  <level>INFO</level>
  <class>pythonProvenance.graphs.ProvenanceGraph</class>
  <method>createXML</method>
  <thread>10</thread>
  <message>XML File created successfully.</message>
</record>
</log>
