<?xml version="1.0" encoding="windows-1252" standalone="no"?>
<!DOCTYPE log SYSTEM "logger.dtd">
<log>
<record>
  <date>2012-12-08T07:15:14</date>
  <millis>1354947314081</millis>
  <sequence>8</sequence>
  <logger>pythonProvenance.PythonProvenance</logger>
  <level>INFO</level>
  <class>pythonProvenance.graphs.ProvenanceGraph</class>
  <method>createGraGraGraph</method>
  <thread>10</thread>
  <message>Create graphGrammar  &lt;Provenance-Graph&gt; ...</message>
</record>
<record>
  <date>2012-12-08T07:15:14</date>
  <millis>1354947314137</millis>
  <sequence>9</sequence>
  <logger>pythonProvenance.PythonProvenance</logger>
  <level>INFO</level>
  <class>pythonProvenance.graphs.ProvenanceGraph</class>
  <method>enterValueViewNode</method>
  <thread>10</thread>
  <message>***View Node Created*** V1:BaseHTTPRequestHandler</message>
</record>
<record>
  <date>2012-12-08T07:15:14</date>
  <millis>1354947314139</millis>
  <sequence>10</sequence>
  <logger>pythonProvenance.PythonProvenance</logger>
  <level>INFO</level>
  <class>pythonProvenance.graphs.ProvenanceGraph</class>
  <method>enterValueProcessNode</method>
  <thread>10</thread>
  <message>***Process Node Created*** P1:GetHandler</message>
</record>
</log>
