<?xml version="1.0" encoding="windows-1252" standalone="no"?>
<!DOCTYPE log SYSTEM "logger.dtd">
<log>
<record>
  <date>2012-11-28T22:55:21</date>
  <millis>1354139721196</millis>
  <sequence>1174</sequence>
  <logger>pythonProvenance.PythonProvenance</logger>
  <level>INFO</level>
  <class>pythonProvenance.graphs.ProvenanceGraph</class>
  <method>matchRule</method>
  <thread>10</thread>
  <message>match is complete</message>
</record>
<record>
  <date>2012-11-28T22:55:21</date>
  <millis>1354139721197</millis>
  <sequence>1175</sequence>
  <logger>pythonProvenance.PythonProvenance</logger>
  <level>INFO</level>
  <class>pythonProvenance.graphs.ProvenanceGraph</class>
  <method>matchRule</method>
  <thread>10</thread>
  <message>match is valid</message>
</record>
<record>
  <date>2012-11-28T22:55:21</date>
  <millis>1354139721199</millis>
  <sequence>1176</sequence>
  <logger>pythonProvenance.PythonProvenance</logger>
  <level>INFO</level>
  <class>pythonProvenance.graphs.ProvenanceGraph</class>
  <method>matchRule</method>
  <thread>10</thread>
  <message>match is complete</message>
</record>
<record>
  <date>2012-11-28T22:55:21</date>
  <millis>1354139721200</millis>
  <sequence>1177</sequence>
  <logger>pythonProvenance.PythonProvenance</logger>
  <level>INFO</level>
  <class>pythonProvenance.graphs.ProvenanceGraph</class>
  <method>matchRule</method>
  <thread>10</thread>
  <message>match is valid</message>
</record>
<record>
  <date>2012-11-28T22:55:21</date>
  <millis>1354139721202</millis>
  <sequence>1178</sequence>
  <logger>pythonProvenance.PythonProvenance</logger>
  <level>INFO</level>
  <class>pythonProvenance.graphs.ProvenanceGraph</class>
  <method>matchRule</method>
  <thread>10</thread>
  <message>match is complete</message>
</record>
<record>
  <date>2012-11-28T22:55:21</date>
  <millis>1354139721202</millis>
  <sequence>1179</sequence>
  <logger>pythonProvenance.PythonProvenance</logger>
  <level>INFO</level>
  <class>pythonProvenance.graphs.ProvenanceGraph</class>
  <method>matchRule</method>
  <thread>10</thread>
  <message>match is valid</message>
</record>
<record>
  <date>2012-11-28T22:55:21</date>
  <millis>1354139721204</millis>
  <sequence>1180</sequence>
  <logger>pythonProvenance.PythonProvenance</logger>
  <level>INFO</level>
  <class>pythonProvenance.graphs.ProvenanceGraph</class>
  <method>matchRule</method>
  <thread>10</thread>
  <message>match is complete</message>
</record>
<record>
  <date>2012-11-28T22:55:21</date>
  <millis>1354139721204</millis>
  <sequence>1181</sequence>
  <logger>pythonProvenance.PythonProvenance</logger>
  <level>INFO</level>
  <class>pythonProvenance.graphs.ProvenanceGraph</class>
  <method>matchRule</method>
  <thread>10</thread>
  <message>match is valid</message>
</record>
<record>
  <date>2012-11-28T22:55:21</date>
  <millis>1354139721206</millis>
  <sequence>1182</sequence>
  <logger>pythonProvenance.PythonProvenance</logger>
  <level>INFO</level>
  <class>pythonProvenance.graphs.ProvenanceGraph</class>
  <method>matchRule</method>
  <thread>10</thread>
  <message>match is complete</message>
</record>
<record>
  <date>2012-11-28T22:55:21</date>
  <millis>1354139721206</millis>
  <sequence>1183</sequence>
  <logger>pythonProvenance.PythonProvenance</logger>
  <level>INFO</level>
  <class>pythonProvenance.graphs.ProvenanceGraph</class>
  <method>matchRule</method>
  <thread>10</thread>
  <message>match is valid</message>
</record>
<record>
  <date>2012-11-28T22:55:21</date>
  <millis>1354139721208</millis>
  <sequence>1184</sequence>
  <logger>pythonProvenance.PythonProvenance</logger>
  <level>INFO</level>
  <class>pythonProvenance.graphs.ProvenanceGraph</class>
  <method>matchRule</method>
  <thread>10</thread>
  <message>match is complete</message>
</record>
<record>
  <date>2012-11-28T22:55:21</date>
  <millis>1354139721208</millis>
  <sequence>1185</sequence>
  <logger>pythonProvenance.PythonProvenance</logger>
  <level>INFO</level>
  <class>pythonProvenance.graphs.ProvenanceGraph</class>
  <method>matchRule</method>
  <thread>10</thread>
  <message>match is valid</message>
</record>
<record>
  <date>2012-11-28T22:55:21</date>
  <millis>1354139721211</millis>
  <sequence>1186</sequence>
  <logger>pythonProvenance.PythonProvenance</logger>
  <level>INFO</level>
  <class>pythonProvenance.graphs.ProvenanceGraph</class>
  <method>matchRule</method>
  <thread>10</thread>
  <message>match is complete</message>
</record>
<record>
  <date>2012-11-28T22:55:21</date>
  <millis>1354139721211</millis>
  <sequence>1187</sequence>
  <logger>pythonProvenance.PythonProvenance</logger>
  <level>INFO</level>
  <class>pythonProvenance.graphs.ProvenanceGraph</class>
  <method>matchRule</method>
  <thread>10</thread>
  <message>match is valid</message>
</record>
<record>
  <date>2012-11-28T22:55:21</date>
  <millis>1354139721213</millis>
  <sequence>1188</sequence>
  <logger>pythonProvenance.PythonProvenance</logger>
  <level>INFO</level>
  <class>pythonProvenance.graphs.ProvenanceGraph</class>
  <method>matchRule</method>
  <thread>10</thread>
  <message>match is complete</message>
</record>
<record>
  <date>2012-11-28T22:55:21</date>
  <millis>1354139721214</millis>
  <sequence>1189</sequence>
  <logger>pythonProvenance.PythonProvenance</logger>
  <level>INFO</level>
  <class>pythonProvenance.graphs.ProvenanceGraph</class>
  <method>matchRule</method>
  <thread>10</thread>
  <message>match is valid</message>
</record>
<record>
  <date>2012-11-28T22:55:21</date>
  <millis>1354139721215</millis>
  <sequence>1190</sequence>
  <logger>pythonProvenance.PythonProvenance</logger>
  <level>INFO</level>
  <class>pythonProvenance.graphs.ProvenanceGraph</class>
  <method>matchRule</method>
  <thread>10</thread>
  <message>match is complete</message>
</record>
<record>
  <date>2012-11-28T22:55:21</date>
  <millis>1354139721217</millis>
  <sequence>1191</sequence>
  <logger>pythonProvenance.PythonProvenance</logger>
  <level>INFO</level>
  <class>pythonProvenance.graphs.ProvenanceGraph</class>
  <method>matchRule</method>
  <thread>10</thread>
  <message>match is valid</message>
</record>
<record>
  <date>2012-11-28T22:55:21</date>
  <millis>1354139721221</millis>
  <sequence>1192</sequence>
  <logger>pythonProvenance.PythonProvenance</logger>
  <level>INFO</level>
  <class>pythonProvenance.graphs.ProvenanceGraph</class>
  <method>matchRule</method>
  <thread>10</thread>
  <message>match is complete</message>
</record>
<record>
  <date>2012-11-28T22:55:21</date>
  <millis>1354139721221</millis>
  <sequence>1193</sequence>
  <logger>pythonProvenance.PythonProvenance</logger>
  <level>INFO</level>
  <class>pythonProvenance.graphs.ProvenanceGraph</class>
  <method>matchRule</method>
  <thread>10</thread>
  <message>match is valid</message>
</record>
<record>
  <date>2012-11-28T22:55:21</date>
  <millis>1354139721227</millis>
  <sequence>1194</sequence>
  <logger>pythonProvenance.PythonProvenance</logger>
  <level>INFO</level>
  <class>pythonProvenance.graphs.ProvenanceGraph</class>
  <method>matchRule</method>
  <thread>10</thread>
  <message>match is complete</message>
</record>
<record>
  <date>2012-11-28T22:55:21</date>
  <millis>1354139721229</millis>
  <sequence>1195</sequence>
  <logger>pythonProvenance.PythonProvenance</logger>
  <level>INFO</level>
  <class>pythonProvenance.graphs.ProvenanceGraph</class>
  <method>matchRule</method>
  <thread>10</thread>
  <message>match is valid</message>
</record>
<record>
  <date>2012-11-28T22:55:21</date>
  <millis>1354139721232</millis>
  <sequence>1196</sequence>
  <logger>pythonProvenance.PythonProvenance</logger>
  <level>INFO</level>
  <class>pythonProvenance.graphs.ProvenanceGraph</class>
  <method>matchRule</method>
  <thread>10</thread>
  <message>match is complete</message>
</record>
<record>
  <date>2012-11-28T22:55:21</date>
  <millis>1354139721233</millis>
  <sequence>1197</sequence>
  <logger>pythonProvenance.PythonProvenance</logger>
  <level>INFO</level>
  <class>pythonProvenance.graphs.ProvenanceGraph</class>
  <method>matchRule</method>
  <thread>10</thread>
  <message>match is valid</message>
</record>
<record>
  <date>2012-11-28T22:55:21</date>
  <millis>1354139721238</millis>
  <sequence>1198</sequence>
  <logger>pythonProvenance.PythonProvenance</logger>
  <level>INFO</level>
  <class>pythonProvenance.graphs.ProvenanceGraph</class>
  <method>matchRule</method>
  <thread>10</thread>
  <message>match is complete</message>
</record>
<record>
  <date>2012-11-28T22:55:21</date>
  <millis>1354139721238</millis>
  <sequence>1199</sequence>
  <logger>pythonProvenance.PythonProvenance</logger>
  <level>INFO</level>
  <class>pythonProvenance.graphs.ProvenanceGraph</class>
  <method>matchRule</method>
  <thread>10</thread>
  <message>match is valid</message>
</record>
<record>
  <date>2012-11-28T22:55:21</date>
  <millis>1354139721240</millis>
  <sequence>1200</sequence>
  <logger>pythonProvenance.PythonProvenance</logger>
  <level>INFO</level>
  <class>pythonProvenance.graphs.ProvenanceGraph</class>
  <method>matchRule</method>
  <thread>10</thread>
  <message>match is complete</message>
</record>
<record>
  <date>2012-11-28T22:55:21</date>
  <millis>1354139721240</millis>
  <sequence>1201</sequence>
  <logger>pythonProvenance.PythonProvenance</logger>
  <level>INFO</level>
  <class>pythonProvenance.graphs.ProvenanceGraph</class>
  <method>matchRule</method>
  <thread>10</thread>
  <message>match is valid</message>
</record>
<record>
  <date>2012-11-28T22:55:21</date>
  <millis>1354139721250</millis>
  <sequence>1202</sequence>
  <logger>pythonProvenance.PythonProvenance</logger>
  <level>INFO</level>
  <class>pythonProvenance.graphs.ProvenanceGraph</class>
  <method>matchRule</method>
  <thread>10</thread>
  <message>Rule  M2a.MergingView(withProcess-toProcess) : match has no more completionfalse</message>
</record>
<record>
  <date>2012-11-28T22:55:21</date>
  <millis>1354139721251</millis>
  <sequence>1203</sequence>
  <logger>pythonProvenance.PythonProvenance</logger>
  <level>INFO</level>
  <class>pythonProvenance.graphs.ProvenanceGraph</class>
  <method>matchRule</method>
  <thread>10</thread>
  <message>Apply M2b.MergingView(withProcess-toSourceProcess) so long as possible</message>
</record>
<record>
  <date>2012-11-28T22:55:21</date>
  <millis>1354139721251</millis>
  <sequence>1204</sequence>
  <logger>pythonProvenance.PythonProvenance</logger>
  <level>INFO</level>
  <class>pythonProvenance.graphs.ProvenanceGraph</class>
  <method>matchRule</method>
  <thread>10</thread>
  <message>Rule M2b.MergingView(withProcess-toSourceProcess)    &gt;&gt; create match</message>
</record>
<record>
  <date>2012-11-28T22:55:21</date>
  <millis>1354139721252</millis>
  <sequence>1205</sequence>
  <logger>pythonProvenance.PythonProvenance</logger>
  <level>INFO</level>
  <class>pythonProvenance.graphs.ProvenanceGraph</class>
  <method>matchRule</method>
  <thread>10</thread>
  <message>Rule  M2b.MergingView(withProcess-toSourceProcess) : match has no more completionfalse</message>
</record>
<record>
  <date>2012-11-28T22:55:21</date>
  <millis>1354139721253</millis>
  <sequence>1206</sequence>
  <logger>pythonProvenance.PythonProvenance</logger>
  <level>INFO</level>
  <class>pythonProvenance.graphs.ProvenanceGraph</class>
  <method>matchRule</method>
  <thread>10</thread>
  <message>Apply M3a.MergingView(withSourceProcesstoProcess) so long as possible</message>
</record>
<record>
  <date>2012-11-28T22:55:21</date>
  <millis>1354139721253</millis>
  <sequence>1207</sequence>
  <logger>pythonProvenance.PythonProvenance</logger>
  <level>INFO</level>
  <class>pythonProvenance.graphs.ProvenanceGraph</class>
  <method>matchRule</method>
  <thread>10</thread>
  <message>Rule M3a.MergingView(withSourceProcesstoProcess)    &gt;&gt; create match</message>
</record>
<record>
  <date>2012-11-28T22:55:21</date>
  <millis>1354139721258</millis>
  <sequence>1208</sequence>
  <logger>pythonProvenance.PythonProvenance</logger>
  <level>INFO</level>
  <class>pythonProvenance.graphs.ProvenanceGraph</class>
  <method>matchRule</method>
  <thread>10</thread>
  <message>Rule  M3a.MergingView(withSourceProcesstoProcess) : match has no more completionfalse</message>
</record>
<record>
  <date>2012-11-28T22:55:21</date>
  <millis>1354139721258</millis>
  <sequence>1209</sequence>
  <logger>pythonProvenance.PythonProvenance</logger>
  <level>INFO</level>
  <class>pythonProvenance.graphs.ProvenanceGraph</class>
  <method>matchRule</method>
  <thread>10</thread>
  <message>Apply M3b.MergingView(withSourceProcesstoSourceProcess) so long as possible</message>
</record>
<record>
  <date>2012-11-28T22:55:21</date>
  <millis>1354139721259</millis>
  <sequence>1210</sequence>
  <logger>pythonProvenance.PythonProvenance</logger>
  <level>INFO</level>
  <class>pythonProvenance.graphs.ProvenanceGraph</class>
  <method>matchRule</method>
  <thread>10</thread>
  <message>Rule M3b.MergingView(withSourceProcesstoSourceProcess)    &gt;&gt; create match</message>
</record>
<record>
  <date>2012-11-28T22:55:21</date>
  <millis>1354139721263</millis>
  <sequence>1211</sequence>
  <logger>pythonProvenance.PythonProvenance</logger>
  <level>INFO</level>
  <class>pythonProvenance.graphs.ProvenanceGraph</class>
  <method>matchRule</method>
  <thread>10</thread>
  <message>Rule  M3b.MergingView(withSourceProcesstoSourceProcess) : match has no more completionfalse</message>
</record>
<record>
  <date>2012-11-28T22:55:21</date>
  <millis>1354139721263</millis>
  <sequence>1212</sequence>
  <logger>pythonProvenance.PythonProvenance</logger>
  <level>INFO</level>
  <class>pythonProvenance.graphs.ProvenanceGraph</class>
  <method>createMergingRule5</method>
  <thread>10</thread>
  <message>M5: Node id -&gt; P2</message>
</record>
<record>
  <date>2012-11-28T22:55:21</date>
  <millis>1354139721263</millis>
  <sequence>1213</sequence>
  <logger>pythonProvenance.PythonProvenance</logger>
  <level>INFO</level>
  <class>pythonProvenance.graphs.ProvenanceGraph</class>
  <method>createMergingRule5</method>
  <thread>10</thread>
  <message>        Deleted View -&gt; V2</message>
</record>
<record>
  <date>2012-11-28T22:55:21</date>
  <millis>1354139721264</millis>
  <sequence>1214</sequence>
  <logger>pythonProvenance.PythonProvenance</logger>
  <level>INFO</level>
  <class>pythonProvenance.graphs.ProvenanceGraph</class>
  <method>createMergingRule5</method>
  <thread>10</thread>
  <message>M5: Node id -&gt; P5</message>
</record>
<record>
  <date>2012-11-28T22:55:21</date>
  <millis>1354139721264</millis>
  <sequence>1215</sequence>
  <logger>pythonProvenance.PythonProvenance</logger>
  <level>INFO</level>
  <class>pythonProvenance.graphs.ProvenanceGraph</class>
  <method>createMergingRule5</method>
  <thread>10</thread>
  <message>        Deleted View -&gt; V5</message>
</record>
<record>
  <date>2012-11-28T22:55:21</date>
  <millis>1354139721264</millis>
  <sequence>1216</sequence>
  <logger>pythonProvenance.PythonProvenance</logger>
  <level>INFO</level>
  <class>pythonProvenance.graphs.ProvenanceGraph</class>
  <method>createMergingRule5</method>
  <thread>10</thread>
  <message>M5: Node id -&gt; P7</message>
</record>
<record>
  <date>2012-11-28T22:55:21</date>
  <millis>1354139721264</millis>
  <sequence>1217</sequence>
  <logger>pythonProvenance.PythonProvenance</logger>
  <level>INFO</level>
  <class>pythonProvenance.graphs.ProvenanceGraph</class>
  <method>createMergingRule5</method>
  <thread>10</thread>
  <message>        Deleted View -&gt; V7</message>
</record>
<record>
  <date>2012-11-28T22:55:21</date>
  <millis>1354139721265</millis>
  <sequence>1218</sequence>
  <logger>pythonProvenance.PythonProvenance</logger>
  <level>INFO</level>
  <class>pythonProvenance.graphs.ProvenanceGraph</class>
  <method>createMergingRule5</method>
  <thread>10</thread>
  <message>M5: Node id -&gt; P9</message>
</record>
<record>
  <date>2012-11-28T22:55:21</date>
  <millis>1354139721265</millis>
  <sequence>1219</sequence>
  <logger>pythonProvenance.PythonProvenance</logger>
  <level>INFO</level>
  <class>pythonProvenance.graphs.ProvenanceGraph</class>
  <method>createMergingRule5</method>
  <thread>10</thread>
  <message>        Deleted View -&gt; V9</message>
</record>
<record>
  <date>2012-11-28T22:55:21</date>
  <millis>1354139721265</millis>
  <sequence>1220</sequence>
  <logger>pythonProvenance.PythonProvenance</logger>
  <level>INFO</level>
  <class>pythonProvenance.graphs.ProvenanceGraph</class>
  <method>createMergingRule5</method>
  <thread>10</thread>
  <message>M5: Node id -&gt; P11</message>
</record>
<record>
  <date>2012-11-28T22:55:21</date>
  <millis>1354139721266</millis>
  <sequence>1221</sequence>
  <logger>pythonProvenance.PythonProvenance</logger>
  <level>INFO</level>
  <class>pythonProvenance.graphs.ProvenanceGraph</class>
  <method>createMergingRule5</method>
  <thread>10</thread>
  <message>        Deleted View -&gt; V11</message>
</record>
<record>
  <date>2012-11-28T22:55:21</date>
  <millis>1354139721266</millis>
  <sequence>1222</sequence>
  <logger>pythonProvenance.PythonProvenance</logger>
  <level>INFO</level>
  <class>pythonProvenance.graphs.ProvenanceGraph</class>
  <method>createMergingRule5</method>
  <thread>10</thread>
  <message>M5: Node id -&gt; P13</message>
</record>
<record>
  <date>2012-11-28T22:55:21</date>
  <millis>1354139721266</millis>
  <sequence>1223</sequence>
  <logger>pythonProvenance.PythonProvenance</logger>
  <level>INFO</level>
  <class>pythonProvenance.graphs.ProvenanceGraph</class>
  <method>createMergingRule5</method>
  <thread>10</thread>
  <message>        Deleted View -&gt; V13</message>
</record>
<record>
  <date>2012-11-28T22:55:21</date>
  <millis>1354139721267</millis>
  <sequence>1224</sequence>
  <logger>pythonProvenance.PythonProvenance</logger>
  <level>INFO</level>
  <class>pythonProvenance.graphs.ProvenanceGraph</class>
  <method>createMergingRule5</method>
  <thread>10</thread>
  <message>M5: Node id -&gt; P15</message>
</record>
<record>
  <date>2012-11-28T22:55:21</date>
  <millis>1354139721268</millis>
  <sequence>1225</sequence>
  <logger>pythonProvenance.PythonProvenance</logger>
  <level>INFO</level>
  <class>pythonProvenance.graphs.ProvenanceGraph</class>
  <method>createMergingRule5</method>
  <thread>10</thread>
  <message>        Deleted View -&gt; V16</message>
</record>
<record>
  <date>2012-11-28T22:55:21</date>
  <millis>1354139721268</millis>
  <sequence>1226</sequence>
  <logger>pythonProvenance.PythonProvenance</logger>
  <level>INFO</level>
  <class>pythonProvenance.graphs.ProvenanceGraph</class>
  <method>createMergingRule5</method>
  <thread>10</thread>
  <message>M5: Node id -&gt; P33</message>
</record>
<record>
  <date>2012-11-28T22:55:21</date>
  <millis>1354139721268</millis>
  <sequence>1227</sequence>
  <logger>pythonProvenance.PythonProvenance</logger>
  <level>INFO</level>
  <class>pythonProvenance.graphs.ProvenanceGraph</class>
  <method>createMergingRule5</method>
  <thread>10</thread>
  <message>        Deleted View -&gt; V29</message>
</record>
<record>
  <date>2012-11-28T22:55:21</date>
  <millis>1354139721269</millis>
  <sequence>1228</sequence>
  <logger>pythonProvenance.PythonProvenance</logger>
  <level>INFO</level>
  <class>pythonProvenance.graphs.ProvenanceGraph</class>
  <method>createMergingRule5</method>
  <thread>10</thread>
  <message>M5: Node id -&gt; P34</message>
</record>
<record>
  <date>2012-11-28T22:55:21</date>
  <millis>1354139721269</millis>
  <sequence>1229</sequence>
  <logger>pythonProvenance.PythonProvenance</logger>
  <level>INFO</level>
  <class>pythonProvenance.graphs.ProvenanceGraph</class>
  <method>createMergingRule5</method>
  <thread>10</thread>
  <message>        Deleted View -&gt; V31</message>
</record>
<record>
  <date>2012-11-28T22:55:21</date>
  <millis>1354139721269</millis>
  <sequence>1230</sequence>
  <logger>pythonProvenance.PythonProvenance</logger>
  <level>INFO</level>
  <class>pythonProvenance.graphs.ProvenanceGraph</class>
  <method>createMergingRule5</method>
  <thread>10</thread>
  <message>M5: Node id -&gt; P38</message>
</record>
<record>
  <date>2012-11-28T22:55:21</date>
  <millis>1354139721269</millis>
  <sequence>1231</sequence>
  <logger>pythonProvenance.PythonProvenance</logger>
  <level>INFO</level>
  <class>pythonProvenance.graphs.ProvenanceGraph</class>
  <method>createMergingRule5</method>
  <thread>10</thread>
  <message>        Deleted View -&gt; V35</message>
</record>
<record>
  <date>2012-11-28T22:55:21</date>
  <millis>1354139721270</millis>
  <sequence>1232</sequence>
  <logger>pythonProvenance.PythonProvenance</logger>
  <level>INFO</level>
  <class>pythonProvenance.graphs.ProvenanceGraph</class>
  <method>createMergingRule5</method>
  <thread>10</thread>
  <message>M5: Node id -&gt; P40</message>
</record>
<record>
  <date>2012-11-28T22:55:21</date>
  <millis>1354139721270</millis>
  <sequence>1233</sequence>
  <logger>pythonProvenance.PythonProvenance</logger>
  <level>INFO</level>
  <class>pythonProvenance.graphs.ProvenanceGraph</class>
  <method>createMergingRule5</method>
  <thread>10</thread>
  <message>        Deleted View -&gt; V37</message>
</record>
<record>
  <date>2012-11-28T22:55:21</date>
  <millis>1354139721270</millis>
  <sequence>1234</sequence>
  <logger>pythonProvenance.PythonProvenance</logger>
  <level>INFO</level>
  <class>pythonProvenance.graphs.ProvenanceGraph</class>
  <method>createMergingRule5</method>
  <thread>10</thread>
  <message>M5: Node id -&gt; P45</message>
</record>
<record>
  <date>2012-11-28T22:55:21</date>
  <millis>1354139721271</millis>
  <sequence>1235</sequence>
  <logger>pythonProvenance.PythonProvenance</logger>
  <level>INFO</level>
  <class>pythonProvenance.graphs.ProvenanceGraph</class>
  <method>createMergingRule5</method>
  <thread>10</thread>
  <message>        Deleted View -&gt; V41</message>
</record>
<record>
  <date>2012-11-28T22:55:21</date>
  <millis>1354139721271</millis>
  <sequence>1236</sequence>
  <logger>pythonProvenance.PythonProvenance</logger>
  <level>INFO</level>
  <class>pythonProvenance.graphs.ProvenanceGraph</class>
  <method>createMergingRule5</method>
  <thread>10</thread>
  <message>M5: Node id -&gt; P49</message>
</record>
<record>
  <date>2012-11-28T22:55:21</date>
  <millis>1354139721271</millis>
  <sequence>1237</sequence>
  <logger>pythonProvenance.PythonProvenance</logger>
  <level>INFO</level>
  <class>pythonProvenance.graphs.ProvenanceGraph</class>
  <method>createMergingRule5</method>
  <thread>10</thread>
  <message>        Deleted View -&gt; V44</message>
</record>
<record>
  <date>2012-11-28T22:55:21</date>
  <millis>1354139721271</millis>
  <sequence>1238</sequence>
  <logger>pythonProvenance.PythonProvenance</logger>
  <level>INFO</level>
  <class>pythonProvenance.graphs.ProvenanceGraph</class>
  <method>createMergingRule5</method>
  <thread>10</thread>
  <message>M5: Node id -&gt; P50</message>
</record>
<record>
  <date>2012-11-28T22:55:21</date>
  <millis>1354139721272</millis>
  <sequence>1239</sequence>
  <logger>pythonProvenance.PythonProvenance</logger>
  <level>INFO</level>
  <class>pythonProvenance.graphs.ProvenanceGraph</class>
  <method>createMergingRule5</method>
  <thread>10</thread>
  <message>        Deleted View -&gt; V45</message>
</record>
<record>
  <date>2012-11-28T22:55:21</date>
  <millis>1354139721272</millis>
  <sequence>1240</sequence>
  <logger>pythonProvenance.PythonProvenance</logger>
  <level>INFO</level>
  <class>pythonProvenance.graphs.ProvenanceGraph</class>
  <method>createMergingRule5</method>
  <thread>10</thread>
  <message>M5: Node id -&gt; P54</message>
</record>
<record>
  <date>2012-11-28T22:55:21</date>
  <millis>1354139721272</millis>
  <sequence>1241</sequence>
  <logger>pythonProvenance.PythonProvenance</logger>
  <level>INFO</level>
  <class>pythonProvenance.graphs.ProvenanceGraph</class>
  <method>createMergingRule5</method>
  <thread>10</thread>
  <message>        Deleted View -&gt; V47</message>
</record>
<record>
  <date>2012-11-28T22:55:21</date>
  <millis>1354139721817</millis>
  <sequence>1242</sequence>
  <logger>pythonProvenance.PythonProvenance</logger>
  <level>INFO</level>
  <class>pythonProvenance.graphs.ProvenanceGraph</class>
  <method>graphGrammarTransform</method>
  <thread>10</thread>
  <message>After applying Rules,  graphGrammar  saved in  Provenance_Graph_2_transitive_matches.py_transformed_withMerging.ggx</message>
</record>
<record>
  <date>2012-11-28T22:55:21</date>
  <millis>1354139721818</millis>
  <sequence>1243</sequence>
  <logger>pythonProvenance.PythonProvenance</logger>
  <level>INFO</level>
  <class>pythonProvenance.graphs.ProvenanceGraph</class>
  <method>writeDottyFile</method>
  <thread>10</thread>
  <message>*** Nodes of the Graph ***</message>
</record>
<record>
  <date>2012-11-28T22:55:21</date>
  <millis>1354139721826</millis>
  <sequence>1244</sequence>
  <logger>pythonProvenance.PythonProvenance</logger>
  <level>INFO</level>
  <class>pythonProvenance.graphs.ProvenanceGraph</class>
  <method>closeDottyFile</method>
  <thread>10</thread>
  <message>provenance_graph_transitive_matches.py_base.jpg</message>
</record>
<record>
  <date>2012-11-28T22:55:21</date>
  <millis>1354139721826</millis>
  <sequence>1245</sequence>
  <logger>pythonProvenance.PythonProvenance</logger>
  <level>INFO</level>
  <class>pythonProvenance.graphs.ProvenanceGraph</class>
  <method>closeDottyFile</method>
  <thread>10</thread>
  <message>cmd.exe /C dot -Tjpeg -o provenance_graph_transitive_matches.py_base.jpg provenance_graph_transitive_matches.py_base.dot</message>
</record>
<record>
  <date>2012-11-28T22:55:42</date>
  <millis>1354139742859</millis>
  <sequence>1246</sequence>
  <logger>pythonProvenance.PythonProvenance</logger>
  <level>INFO</level>
  <class>pythonProvenance.graphs.ProvenanceGraph</class>
  <method>closeDottyFile</method>
  <thread>10</thread>
  <message>ExitValue: 0</message>
</record>
<record>
  <date>2012-11-28T22:55:42</date>
  <millis>1354139742859</millis>
  <sequence>1247</sequence>
  <logger>pythonProvenance.PythonProvenance</logger>
  <level>INFO</level>
  <class>pythonProvenance.graphs.ProvenanceGraph</class>
  <method>closeDottyFile</method>
  <thread>10</thread>
  <message>Dotty File created successfully.</message>
</record>
<record>
  <date>2012-11-28T22:55:42</date>
  <millis>1354139742866</millis>
  <sequence>1248</sequence>
  <logger>pythonProvenance.PythonProvenance</logger>
  <level>INFO</level>
  <class>pythonProvenance.graphs.ProvenanceGraph</class>
  <method>closeDottyFile</method>
  <thread>10</thread>
  <message>Image created successfully.</message>
</record>
<record>
  <date>2012-11-28T22:55:42</date>
  <millis>1354139742872</millis>
  <sequence>1249</sequence>
  <logger>pythonProvenance.PythonProvenance</logger>
  <level>INFO</level>
  <class>pythonProvenance.graphs.ProvenanceGraph</class>
  <method>createXML</method>
  <thread>10</thread>
  <message>XML File created successfully.</message>
</record>
<record>
  <date>2012-11-28T22:55:42</date>
  <millis>1354139742873</millis>
  <sequence>1250</sequence>
  <logger>pythonProvenance.PythonProvenance</logger>
  <level>INFO</level>
  <class>pythonProvenance.graphs.ProvenanceGraph</class>
  <method>graphGrammarTransform</method>
  <thread>10</thread>
  <message>Please enter to continue</message>
</record>
